2025-03-16 09:57:23 DEBUG: SERVER -> CLIENT: 220 mail-proxy107.phy.lolipop.jp ESMTP ready

2025-03-16 09:57:23 DEBUG: CLIENT -> SERVER: EHLO localhost

2025-03-16 09:57:23 DEBUG: SERVER -> CLIENT: 250-mail-proxy107.phy.lolipop.jp
250-8BITMIME
250-SIZE 104857600
250 AUTH PLAIN LOGIN CRAM-MD5

2025-03-16 09:57:23 DEBUG: CLIENT -> SERVER: AUTH CRAM-MD5

2025-03-16 09:57:23 DEBUG: SERVER -> CLIENT: 334 PDEyMjEyNzczNC4xNzQyMTE1NDQzQG1haWwtcHJveHkxMDcucGh5LmxvbGlwb3AuanA+

2025-03-16 09:57:23 DEBUG: CLIENT -> SERVER: [credentials hidden]
2025-03-16 09:57:23 DEBUG: SERVER -> CLIENT: 235 2.0.0 OK

2025-03-16 09:57:23 DEBUG: CLIENT -> SERVER: MAIL FROM:<info-wedding@sopranohaction.fun>

2025-03-16 09:57:23 DEBUG: SERVER -> CLIENT: 250 2.1.0 Ok

2025-03-16 09:57:23 DEBUG: CLIENT -> SERVER: RCPT TO:<syou51158@gmail.com>

2025-03-16 09:57:23 DEBUG: SERVER -> CLIENT: 250 2.1.5 Ok

2025-03-16 09:57:23 DEBUG: CLIENT -> SERVER: DATA

2025-03-16 09:57:23 DEBUG: SERVER -> CLIENT: 354 End data with <CR><LF>.<CR><LF>

2025-03-16 09:57:23 DEBUG: CLIENT -> SERVER: Date: Sun, 16 Mar 2025 09:57:23 +0100

2025-03-16 09:57:23 DEBUG: CLIENT -> SERVER: To: syou51158@gmail.com

2025-03-16 09:57:23 DEBUG: CLIENT -> SERVER: From: =?UTF-8?B?57WQ5ama5byP566h55CG44K344K544OG44Og?= <info-wedding@sopranohaction.fun>

2025-03-16 09:57:23 DEBUG: CLIENT -> SERVER: Reply-To: =?UTF-8?B?57WQ5ama5byP566h55CG44K344K544OG44Og?= <info-wedding@sopranohaction.fun>

2025-03-16 09:57:23 DEBUG: CLIENT -> SERVER: Subject: =?UTF-8?B?44CQ57WQ5ama5byP44CR5Ye65qyg5Zue562U44Gu44GK55+l44KJ44Gb?=

2025-03-16 09:57:23 DEBUG: CLIENT -> SERVER: Message-ID: <0hXIRTzwRGKFH3wRxZPKJDFJsSTjwRJcYj6echv6A@localhost>

2025-03-16 09:57:23 DEBUG: CLIENT -> SERVER: X-Mailer: PHPMailer 6.9.3 (https://github.com/PHPMailer/PHPMailer)

2025-03-16 09:57:23 DEBUG: CLIENT -> SERVER: MIME-Version: 1.0

2025-03-16 09:57:23 DEBUG: CLIENT -> SERVER: Content-Type: text/plain; charset=UTF-8

2025-03-16 09:57:23 DEBUG: CLIENT -> SERVER: Content-Transfer-Encoding: 8bit

2025-03-16 09:57:23 DEBUG: CLIENT -> SERVER: 

2025-03-16 09:57:23 DEBUG: CLIENT -> SERVER: お世話になっております。

2025-03-16 09:57:23 DEBUG: CLIENT -> SERVER: 

2025-03-16 09:57:23 DEBUG: CLIENT -> SERVER: 結婚式の招待状サイトに新しい出欠回答が届きました。

2025-03-16 09:57:23 DEBUG: CLIENT -> SERVER: 

2025-03-16 09:57:23 DEBUG: CLIENT -> SERVER: ゲスト名: 小山しん

2025-03-16 09:57:23 DEBUG: CLIENT -> SERVER: グループ: 真ちゃん

2025-03-16 09:57:23 DEBUG: CLIENT -> SERVER: 出欠: 出席

2025-03-16 09:57:23 DEBUG: CLIENT -> SERVER: 人数: 2名

2025-03-16 09:57:23 DEBUG: CLIENT -> SERVER: メッセージ: い

2025-03-16 09:57:23 DEBUG: CLIENT -> SERVER: 

2025-03-16 09:57:23 DEBUG: CLIENT -> SERVER: 管理画面からご確認ください。

2025-03-16 09:57:23 DEBUG: CLIENT -> SERVER: http://localhost/wedding/admin/dashboard.php

2025-03-16 09:57:23 DEBUG: CLIENT -> SERVER: 

2025-03-16 09:57:23 DEBUG: CLIENT -> SERVER: ----

2025-03-16 09:57:23 DEBUG: CLIENT -> SERVER: このメールは自動送信されています。

2025-03-16 09:57:23 DEBUG: CLIENT -> SERVER: 

2025-03-16 09:57:23 DEBUG: CLIENT -> SERVER: .

2025-03-16 09:57:24 DEBUG: SERVER -> CLIENT: 250 2.0.0 Ok: queued as C2E1A14018605

2025-03-16 09:57:24 DEBUG: CLIENT -> SERVER: QUIT

2025-03-16 09:57:24 DEBUG: SERVER -> CLIENT: 221 2.0.0 Bye

2025-03-16 09:57:24 DEBUG: SERVER -> CLIENT: 220 mail-proxy112.phy.lolipop.jp ESMTP ready

2025-03-16 09:57:24 DEBUG: CLIENT -> SERVER: EHLO localhost

2025-03-16 09:57:24 DEBUG: SERVER -> CLIENT: 250-mail-proxy112.phy.lolipop.jp
250-8BITMIME
250-SIZE 104857600
250 AUTH PLAIN LOGIN CRAM-MD5

2025-03-16 09:57:24 DEBUG: CLIENT -> SERVER: AUTH CRAM-MD5

2025-03-16 09:57:24 DEBUG: SERVER -> CLIENT: 334 PDQ5MTk4ODUzMC4xNzQyMTE1NDQ0QG1haWwtcHJveHkxMTIucGh5LmxvbGlwb3AuanA+

2025-03-16 09:57:24 DEBUG: CLIENT -> SERVER: [credentials hidden]
2025-03-16 09:57:24 DEBUG: SERVER -> CLIENT: 235 2.0.0 OK

2025-03-16 09:57:24 DEBUG: CLIENT -> SERVER: MAIL FROM:<info-wedding@sopranohaction.fun>

2025-03-16 09:57:24 DEBUG: SERVER -> CLIENT: 250 2.1.0 Ok

2025-03-16 09:57:24 DEBUG: CLIENT -> SERVER: RCPT TO:<shin@example3.com>

2025-03-16 09:57:24 DEBUG: SERVER -> CLIENT: 250 2.1.5 Ok

2025-03-16 09:57:24 DEBUG: CLIENT -> SERVER: DATA

2025-03-16 09:57:24 DEBUG: SERVER -> CLIENT: 354 End data with <CR><LF>.<CR><LF>

2025-03-16 09:57:24 DEBUG: CLIENT -> SERVER: Date: Sun, 16 Mar 2025 09:57:24 +0100

2025-03-16 09:57:24 DEBUG: CLIENT -> SERVER: To: shin@example3.com

2025-03-16 09:57:24 DEBUG: CLIENT -> SERVER: From: =?UTF-8?B?57WQ5ama5byP566h55CG44K344K544OG44Og?= <info-wedding@sopranohaction.fun>

2025-03-16 09:57:24 DEBUG: CLIENT -> SERVER: Reply-To: =?UTF-8?B?57WQ5ama5byP566h55CG44K344K544OG44Og?= <info-wedding@sopranohaction.fun>

2025-03-16 09:57:24 DEBUG: CLIENT -> SERVER: Subject: =?UTF-8?B?44CQ57WQ5ama5byP44CR44Ky44K544OI5oOF5aCx5Y+X5LuY5a6M5LqG44Gu?=

2025-03-16 09:57:24 DEBUG: CLIENT -> SERVER:  =?UTF-8?B?44GK55+l44KJ44Gb?=

2025-03-16 09:57:24 DEBUG: CLIENT -> SERVER: Message-ID: <2qc7Wa4KgyKXy4FBRKRKAxWrGqnN7WY71hyBUKC0e4@localhost>

2025-03-16 09:57:24 DEBUG: CLIENT -> SERVER: X-Mailer: PHPMailer 6.9.3 (https://github.com/PHPMailer/PHPMailer)

2025-03-16 09:57:24 DEBUG: CLIENT -> SERVER: MIME-Version: 1.0

2025-03-16 09:57:24 DEBUG: CLIENT -> SERVER: Content-Type: text/plain; charset=UTF-8

2025-03-16 09:57:24 DEBUG: CLIENT -> SERVER: Content-Transfer-Encoding: 8bit

2025-03-16 09:57:24 DEBUG: CLIENT -> SERVER: 

2025-03-16 09:57:24 DEBUG: CLIENT -> SERVER: 小山しん 様

2025-03-16 09:57:24 DEBUG: CLIENT -> SERVER: 

2025-03-16 09:57:24 DEBUG: CLIENT -> SERVER: この度は、私たちの結婚式にご出席いただけるとのこと、誠にありがとうございます。

2025-03-16 09:57:24 DEBUG: CLIENT -> SERVER: 

2025-03-16 09:57:24 DEBUG: CLIENT -> SERVER: 以下の内容で受付いたしました。

2025-03-16 09:57:24 DEBUG: CLIENT -> SERVER: 

2025-03-16 09:57:24 DEBUG: CLIENT -> SERVER: お名前: 小山しん

2025-03-16 09:57:24 DEBUG: CLIENT -> SERVER: 出欠: 出席

2025-03-16 09:57:24 DEBUG: CLIENT -> SERVER: 参加人数: 2名

2025-03-16 09:57:24 DEBUG: CLIENT -> SERVER: 

2025-03-16 09:57:24 DEBUG: CLIENT -> SERVER: 何かご不明な点がございましたら、お気軽にお問い合わせください。

2025-03-16 09:57:24 DEBUG: CLIENT -> SERVER: 

2025-03-16 09:57:24 DEBUG: CLIENT -> SERVER: 当日お会いできることを楽しみにしております。

2025-03-16 09:57:24 DEBUG: CLIENT -> SERVER: 

2025-03-16 09:57:24 DEBUG: CLIENT -> SERVER: ----

2025-03-16 09:57:24 DEBUG: CLIENT -> SERVER: 新郎新婦: あかね & 村岡 翔

2025-03-16 09:57:24 DEBUG: CLIENT -> SERVER: ウェディングサイト: http://localhost/wedding/

2025-03-16 09:57:24 DEBUG: CLIENT -> SERVER: 

2025-03-16 09:57:24 DEBUG: CLIENT -> SERVER: .

2025-03-16 09:57:25 DEBUG: SERVER -> CLIENT: 250 2.0.0 Ok: queued as AB0151402FE34

2025-03-16 09:57:25 DEBUG: CLIENT -> SERVER: QUIT

2025-03-16 09:57:25 DEBUG: SERVER -> CLIENT: 221 2.0.0 Bye

2025-03-16 11:21:41 DEBUG: SERVER -> CLIENT: 220 mail-proxy108.phy.lolipop.jp ESMTP ready

2025-03-16 11:21:41 DEBUG: CLIENT -> SERVER: EHLO localhost

2025-03-16 11:21:41 DEBUG: SERVER -> CLIENT: 250-mail-proxy108.phy.lolipop.jp
250-8BITMIME
250-SIZE 104857600
250 AUTH PLAIN LOGIN CRAM-MD5

2025-03-16 11:21:41 DEBUG: CLIENT -> SERVER: AUTH CRAM-MD5

2025-03-16 11:21:41 DEBUG: SERVER -> CLIENT: 334 PDk4MDA3NTQwLjE3NDIxMjA1MDFAbWFpbC1wcm94eTEwOC5waHkubG9saXBvcC5qcD4=

2025-03-16 11:21:41 DEBUG: CLIENT -> SERVER: [credentials hidden]
2025-03-16 11:21:41 DEBUG: SERVER -> CLIENT: 235 2.0.0 OK

2025-03-16 11:21:41 DEBUG: CLIENT -> SERVER: MAIL FROM:<info-wedding@sopranohaction.fun>

2025-03-16 11:21:41 DEBUG: SERVER -> CLIENT: 250 2.1.0 Ok

2025-03-16 11:21:41 DEBUG: CLIENT -> SERVER: RCPT TO:<syou51158@gmail.com>

2025-03-16 11:21:41 DEBUG: SERVER -> CLIENT: 250 2.1.5 Ok

2025-03-16 11:21:41 DEBUG: CLIENT -> SERVER: DATA

2025-03-16 11:21:41 DEBUG: SERVER -> CLIENT: 354 End data with <CR><LF>.<CR><LF>

2025-03-16 11:21:41 DEBUG: CLIENT -> SERVER: Date: Sun, 16 Mar 2025 11:21:41 +0100

2025-03-16 11:21:41 DEBUG: CLIENT -> SERVER: To: syou51158@gmail.com

2025-03-16 11:21:41 DEBUG: CLIENT -> SERVER: From: =?UTF-8?B?57WQ5ama5byP566h55CG44K344K544OG44Og?= <info-wedding@sopranohaction.fun>

2025-03-16 11:21:41 DEBUG: CLIENT -> SERVER: Reply-To: =?UTF-8?B?57WQ5ama5byP566h55CG44K344K544OG44Og?= <info-wedding@sopranohaction.fun>

2025-03-16 11:21:41 DEBUG: CLIENT -> SERVER: Subject: =?UTF-8?B?44CQ57WQ5ama5byP44CR5Ye65qyg5Zue562U44Gu44GK55+l44KJ44Gb?=

2025-03-16 11:21:41 DEBUG: CLIENT -> SERVER: Message-ID: <yr610RqvdzAGwhqwzRiRlmEeRhRp4vhIiiCZ1c@localhost>

2025-03-16 11:21:41 DEBUG: CLIENT -> SERVER: X-Mailer: PHPMailer 6.9.3 (https://github.com/PHPMailer/PHPMailer)

2025-03-16 11:21:41 DEBUG: CLIENT -> SERVER: MIME-Version: 1.0

2025-03-16 11:21:41 DEBUG: CLIENT -> SERVER: Content-Type: text/plain; charset=UTF-8

2025-03-16 11:21:41 DEBUG: CLIENT -> SERVER: Content-Transfer-Encoding: 8bit

2025-03-16 11:21:41 DEBUG: CLIENT -> SERVER: 

2025-03-16 11:21:41 DEBUG: CLIENT -> SERVER: お世話になっております。

2025-03-16 11:21:41 DEBUG: CLIENT -> SERVER: 

2025-03-16 11:21:41 DEBUG: CLIENT -> SERVER: 結婚式の招待状サイトに新しい出欠回答が届きました。

2025-03-16 11:21:41 DEBUG: CLIENT -> SERVER: 

2025-03-16 11:21:41 DEBUG: CLIENT -> SERVER: ゲスト名: 小山しん

2025-03-16 11:21:41 DEBUG: CLIENT -> SERVER: グループ: 真ちゃん

2025-03-16 11:21:41 DEBUG: CLIENT -> SERVER: 出欠: 出席

2025-03-16 11:21:41 DEBUG: CLIENT -> SERVER: 人数: 6名

2025-03-16 11:21:41 DEBUG: CLIENT -> SERVER: メッセージ: w

2025-03-16 11:21:41 DEBUG: CLIENT -> SERVER: 

2025-03-16 11:21:41 DEBUG: CLIENT -> SERVER: 管理画面からご確認ください。

2025-03-16 11:21:41 DEBUG: CLIENT -> SERVER: http://localhost/wedding/admin/dashboard.php

2025-03-16 11:21:41 DEBUG: CLIENT -> SERVER: 

2025-03-16 11:21:41 DEBUG: CLIENT -> SERVER: ----

2025-03-16 11:21:41 DEBUG: CLIENT -> SERVER: このメールは自動送信されています。

2025-03-16 11:21:41 DEBUG: CLIENT -> SERVER: 

2025-03-16 11:21:41 DEBUG: CLIENT -> SERVER: .

2025-03-16 11:21:42 DEBUG: SERVER -> CLIENT: 250 2.0.0 Ok: queued as 4F1201403002A

2025-03-16 11:21:42 DEBUG: CLIENT -> SERVER: QUIT

2025-03-16 11:21:42 DEBUG: SERVER -> CLIENT: 221 2.0.0 Bye

2025-03-16 11:21:42 DEBUG: SERVER -> CLIENT: 220 mail-proxy110.phy.lolipop.jp ESMTP ready

2025-03-16 11:21:42 DEBUG: CLIENT -> SERVER: EHLO localhost

2025-03-16 11:21:42 DEBUG: SERVER -> CLIENT: 250-mail-proxy110.phy.lolipop.jp
250-8BITMIME
250-SIZE 104857600
250 AUTH PLAIN LOGIN CRAM-MD5

2025-03-16 11:21:42 DEBUG: CLIENT -> SERVER: AUTH CRAM-MD5

2025-03-16 11:21:42 DEBUG: SERVER -> CLIENT: 334 PDEwNTI3NTc2NDIuMTc0MjEyMDUwMkBtYWlsLXByb3h5MTEwLnBoeS5sb2xpcG9wLmpwPg==

2025-03-16 11:21:42 DEBUG: CLIENT -> SERVER: [credentials hidden]
2025-03-16 11:21:42 DEBUG: SERVER -> CLIENT: 235 2.0.0 OK

2025-03-16 11:21:42 DEBUG: CLIENT -> SERVER: MAIL FROM:<info-wedding@sopranohaction.fun>

2025-03-16 11:21:42 DEBUG: SERVER -> CLIENT: 250 2.1.0 Ok

2025-03-16 11:21:42 DEBUG: CLIENT -> SERVER: RCPT TO:<shin@example4.com>

2025-03-16 11:21:42 DEBUG: SERVER -> CLIENT: 250 2.1.5 Ok

2025-03-16 11:21:42 DEBUG: CLIENT -> SERVER: DATA

2025-03-16 11:21:42 DEBUG: SERVER -> CLIENT: 354 End data with <CR><LF>.<CR><LF>

2025-03-16 11:21:42 DEBUG: CLIENT -> SERVER: Date: Sun, 16 Mar 2025 11:21:42 +0100

2025-03-16 11:21:42 DEBUG: CLIENT -> SERVER: To: shin@example4.com

2025-03-16 11:21:42 DEBUG: CLIENT -> SERVER: From: =?UTF-8?B?57WQ5ama5byP566h55CG44K344K544OG44Og?= <info-wedding@sopranohaction.fun>

2025-03-16 11:21:42 DEBUG: CLIENT -> SERVER: Reply-To: =?UTF-8?B?57WQ5ama5byP566h55CG44K344K544OG44Og?= <info-wedding@sopranohaction.fun>

2025-03-16 11:21:42 DEBUG: CLIENT -> SERVER: Subject: =?UTF-8?B?44CQ57WQ5ama5byP44CR44Ky44K544OI5oOF5aCx5Y+X5LuY5a6M5LqG44Gu?=

2025-03-16 11:21:42 DEBUG: CLIENT -> SERVER:  =?UTF-8?B?44GK55+l44KJ44Gb?=

2025-03-16 11:21:42 DEBUG: CLIENT -> SERVER: Message-ID: <KoaLaXFfsDqk1rbwUE5qxkWsatdKIg1OGKAcdAZ4ts@localhost>

2025-03-16 11:21:42 DEBUG: CLIENT -> SERVER: X-Mailer: PHPMailer 6.9.3 (https://github.com/PHPMailer/PHPMailer)

2025-03-16 11:21:42 DEBUG: CLIENT -> SERVER: MIME-Version: 1.0

2025-03-16 11:21:42 DEBUG: CLIENT -> SERVER: Content-Type: text/plain; charset=UTF-8

2025-03-16 11:21:42 DEBUG: CLIENT -> SERVER: Content-Transfer-Encoding: 8bit

2025-03-16 11:21:42 DEBUG: CLIENT -> SERVER: 

2025-03-16 11:21:42 DEBUG: CLIENT -> SERVER: 小山しん 様

2025-03-16 11:21:42 DEBUG: CLIENT -> SERVER: 

2025-03-16 11:21:42 DEBUG: CLIENT -> SERVER: この度は、私たちの結婚式にご出席いただけるとのこと、誠にありがとうございます。

2025-03-16 11:21:42 DEBUG: CLIENT -> SERVER: 

2025-03-16 11:21:42 DEBUG: CLIENT -> SERVER: 以下の内容で受付いたしました。

2025-03-16 11:21:42 DEBUG: CLIENT -> SERVER: 

2025-03-16 11:21:42 DEBUG: CLIENT -> SERVER: お名前: 小山しん

2025-03-16 11:21:42 DEBUG: CLIENT -> SERVER: 出欠: 出席

2025-03-16 11:21:42 DEBUG: CLIENT -> SERVER: 参加人数: 6名

2025-03-16 11:21:42 DEBUG: CLIENT -> SERVER: 

2025-03-16 11:21:42 DEBUG: CLIENT -> SERVER: 何かご不明な点がございましたら、お気軽にお問い合わせください。

2025-03-16 11:21:42 DEBUG: CLIENT -> SERVER: 

2025-03-16 11:21:42 DEBUG: CLIENT -> SERVER: 当日お会いできることを楽しみにしております。

2025-03-16 11:21:42 DEBUG: CLIENT -> SERVER: 

2025-03-16 11:21:42 DEBUG: CLIENT -> SERVER: ----

2025-03-16 11:21:42 DEBUG: CLIENT -> SERVER: 新郎新婦: あかね & 村岡 翔

2025-03-16 11:21:42 DEBUG: CLIENT -> SERVER: ウェディングサイト: http://localhost/wedding/

2025-03-16 11:21:42 DEBUG: CLIENT -> SERVER: 

2025-03-16 11:21:42 DEBUG: CLIENT -> SERVER: .

2025-03-16 11:21:43 DEBUG: SERVER -> CLIENT: 250 2.0.0 Ok: queued as 34CB01402C601

2025-03-16 11:21:43 DEBUG: CLIENT -> SERVER: QUIT

2025-03-16 11:21:43 DEBUG: SERVER -> CLIENT: 221 2.0.0 Bye

2025-03-16 11:41:19 DEBUG: SERVER -> CLIENT: 220 mail-proxy104.phy.lolipop.jp ESMTP ready

2025-03-16 11:41:19 DEBUG: CLIENT -> SERVER: EHLO localhost

2025-03-16 11:41:19 DEBUG: SERVER -> CLIENT: 250-mail-proxy104.phy.lolipop.jp
250-8BITMIME
250-SIZE 104857600
250 AUTH PLAIN LOGIN CRAM-MD5

2025-03-16 11:41:19 DEBUG: CLIENT -> SERVER: AUTH CRAM-MD5

2025-03-16 11:41:19 DEBUG: SERVER -> CLIENT: 334 PDU5MzE0MjkwNC4xNzQyMTIxNjc5QG1haWwtcHJveHkxMDQucGh5LmxvbGlwb3AuanA+

2025-03-16 11:41:19 DEBUG: CLIENT -> SERVER: [credentials hidden]
2025-03-16 11:41:19 DEBUG: SERVER -> CLIENT: 235 2.0.0 OK

2025-03-16 11:41:19 DEBUG: CLIENT -> SERVER: MAIL FROM:<info-wedding@sopranohaction.fun>

2025-03-16 11:41:19 DEBUG: SERVER -> CLIENT: 250 2.1.0 Ok

2025-03-16 11:41:19 DEBUG: CLIENT -> SERVER: RCPT TO:<syou51158@gmail.com>

2025-03-16 11:41:19 DEBUG: SERVER -> CLIENT: 250 2.1.5 Ok

2025-03-16 11:41:19 DEBUG: CLIENT -> SERVER: DATA

2025-03-16 11:41:19 DEBUG: SERVER -> CLIENT: 354 End data with <CR><LF>.<CR><LF>

2025-03-16 11:41:19 DEBUG: CLIENT -> SERVER: Date: Sun, 16 Mar 2025 11:41:18 +0100

2025-03-16 11:41:19 DEBUG: CLIENT -> SERVER: To: syou51158@gmail.com

2025-03-16 11:41:19 DEBUG: CLIENT -> SERVER: From: =?UTF-8?B?57WQ5ama5byP566h55CG44K344K544OG44Og?= <info-wedding@sopranohaction.fun>

2025-03-16 11:41:19 DEBUG: CLIENT -> SERVER: Reply-To: =?UTF-8?B?57WQ5ama5byP566h55CG44K344K544OG44Og?= <info-wedding@sopranohaction.fun>

2025-03-16 11:41:19 DEBUG: CLIENT -> SERVER: Subject: =?UTF-8?B?44CQ57WQ5ama5byP44CR5Ye65qyg5Zue562U44Gu44GK55+l44KJ44Gb?=

2025-03-16 11:41:19 DEBUG: CLIENT -> SERVER: Message-ID: <jcCIIwliWKkH27QyLeXh3XpCZYhumSZmeYEL4ZiFU@localhost>

2025-03-16 11:41:19 DEBUG: CLIENT -> SERVER: X-Mailer: PHPMailer 6.9.3 (https://github.com/PHPMailer/PHPMailer)

2025-03-16 11:41:19 DEBUG: CLIENT -> SERVER: MIME-Version: 1.0

2025-03-16 11:41:19 DEBUG: CLIENT -> SERVER: Content-Type: text/plain; charset=UTF-8

2025-03-16 11:41:19 DEBUG: CLIENT -> SERVER: Content-Transfer-Encoding: 8bit

2025-03-16 11:41:19 DEBUG: CLIENT -> SERVER: 

2025-03-16 11:41:19 DEBUG: CLIENT -> SERVER: お世話になっております。

2025-03-16 11:41:19 DEBUG: CLIENT -> SERVER: 

2025-03-16 11:41:19 DEBUG: CLIENT -> SERVER: 結婚式の招待状サイトに新しい出欠回答が届きました。

2025-03-16 11:41:19 DEBUG: CLIENT -> SERVER: 

2025-03-16 11:41:19 DEBUG: CLIENT -> SERVER: ゲスト名: そめやあやな

2025-03-16 11:41:19 DEBUG: CLIENT -> SERVER: グループ: そめや

2025-03-16 11:41:19 DEBUG: CLIENT -> SERVER: 出欠: 出席

2025-03-16 11:41:19 DEBUG: CLIENT -> SERVER: 人数: 3名

2025-03-16 11:41:19 DEBUG: CLIENT -> SERVER: メッセージ: あちこがんばれ

2025-03-16 11:41:19 DEBUG: CLIENT -> SERVER: 

2025-03-16 11:41:19 DEBUG: CLIENT -> SERVER: 管理画面からご確認ください。

2025-03-16 11:41:19 DEBUG: CLIENT -> SERVER: http://localhost/wedding/admin/dashboard.php

2025-03-16 11:41:19 DEBUG: CLIENT -> SERVER: 

2025-03-16 11:41:19 DEBUG: CLIENT -> SERVER: ----

2025-03-16 11:41:19 DEBUG: CLIENT -> SERVER: このメールは自動送信されています。

2025-03-16 11:41:19 DEBUG: CLIENT -> SERVER: 

2025-03-16 11:41:19 DEBUG: CLIENT -> SERVER: .

2025-03-16 11:41:20 DEBUG: SERVER -> CLIENT: 250 2.0.0 Ok: queued as 2E5A314012674

2025-03-16 11:41:20 DEBUG: CLIENT -> SERVER: QUIT

2025-03-16 11:41:20 DEBUG: SERVER -> CLIENT: 221 2.0.0 Bye

2025-03-16 11:41:20 DEBUG: SERVER -> CLIENT: 220 mail-proxy108.phy.lolipop.jp ESMTP ready

2025-03-16 11:41:20 DEBUG: CLIENT -> SERVER: EHLO localhost

2025-03-16 11:41:20 DEBUG: SERVER -> CLIENT: 250-mail-proxy108.phy.lolipop.jp
250-8BITMIME
250-SIZE 104857600
250 AUTH PLAIN LOGIN CRAM-MD5

2025-03-16 11:41:20 DEBUG: CLIENT -> SERVER: AUTH CRAM-MD5

2025-03-16 11:41:20 DEBUG: SERVER -> CLIENT: 334 PDI0MTcyNTg4My4xNzQyMTIxNjgwQG1haWwtcHJveHkxMDgucGh5LmxvbGlwb3AuanA+

2025-03-16 11:41:20 DEBUG: CLIENT -> SERVER: [credentials hidden]
2025-03-16 11:41:20 DEBUG: SERVER -> CLIENT: 235 2.0.0 OK

2025-03-16 11:41:20 DEBUG: CLIENT -> SERVER: MAIL FROM:<info-wedding@sopranohaction.fun>

2025-03-16 11:41:20 DEBUG: SERVER -> CLIENT: 250 2.1.0 Ok

2025-03-16 11:41:20 DEBUG: CLIENT -> SERVER: RCPT TO:<someya@example.com>

2025-03-16 11:41:20 DEBUG: SERVER -> CLIENT: 250 2.1.5 Ok

2025-03-16 11:41:20 DEBUG: CLIENT -> SERVER: DATA

2025-03-16 11:41:20 DEBUG: SERVER -> CLIENT: 354 End data with <CR><LF>.<CR><LF>

2025-03-16 11:41:20 DEBUG: CLIENT -> SERVER: Date: Sun, 16 Mar 2025 11:41:20 +0100

2025-03-16 11:41:20 DEBUG: CLIENT -> SERVER: To: someya@example.com

2025-03-16 11:41:20 DEBUG: CLIENT -> SERVER: From: =?UTF-8?B?57WQ5ama5byP566h55CG44K344K544OG44Og?= <info-wedding@sopranohaction.fun>

2025-03-16 11:41:20 DEBUG: CLIENT -> SERVER: Reply-To: =?UTF-8?B?57WQ5ama5byP566h55CG44K344K544OG44Og?= <info-wedding@sopranohaction.fun>

2025-03-16 11:41:20 DEBUG: CLIENT -> SERVER: Subject: =?UTF-8?B?44CQ57WQ5ama5byP44CR44Ky44K544OI5oOF5aCx5Y+X5LuY5a6M5LqG44Gu?=

2025-03-16 11:41:20 DEBUG: CLIENT -> SERVER:  =?UTF-8?B?44GK55+l44KJ44Gb?=

2025-03-16 11:41:20 DEBUG: CLIENT -> SERVER: Message-ID: <4uF1EiIIZjT1ileuW1npQEHtvhskMTDj2HM359VXI8@localhost>

2025-03-16 11:41:20 DEBUG: CLIENT -> SERVER: X-Mailer: PHPMailer 6.9.3 (https://github.com/PHPMailer/PHPMailer)

2025-03-16 11:41:20 DEBUG: CLIENT -> SERVER: MIME-Version: 1.0

2025-03-16 11:41:20 DEBUG: CLIENT -> SERVER: Content-Type: text/plain; charset=UTF-8

2025-03-16 11:41:20 DEBUG: CLIENT -> SERVER: Content-Transfer-Encoding: 8bit

2025-03-16 11:41:20 DEBUG: CLIENT -> SERVER: 

2025-03-16 11:41:20 DEBUG: CLIENT -> SERVER: そめやあやな 様

2025-03-16 11:41:20 DEBUG: CLIENT -> SERVER: 

2025-03-16 11:41:20 DEBUG: CLIENT -> SERVER: この度は、私たちの結婚式にご出席いただけるとのこと、誠にありがとうございます。

2025-03-16 11:41:20 DEBUG: CLIENT -> SERVER: 

2025-03-16 11:41:20 DEBUG: CLIENT -> SERVER: 以下の内容で受付いたしました。

2025-03-16 11:41:20 DEBUG: CLIENT -> SERVER: 

2025-03-16 11:41:20 DEBUG: CLIENT -> SERVER: お名前: そめやあやな

2025-03-16 11:41:20 DEBUG: CLIENT -> SERVER: 出欠: 出席

2025-03-16 11:41:20 DEBUG: CLIENT -> SERVER: 参加人数: 3名

2025-03-16 11:41:20 DEBUG: CLIENT -> SERVER: 

2025-03-16 11:41:20 DEBUG: CLIENT -> SERVER: 何かご不明な点がございましたら、お気軽にお問い合わせください。

2025-03-16 11:41:20 DEBUG: CLIENT -> SERVER: 

2025-03-16 11:41:20 DEBUG: CLIENT -> SERVER: 当日お会いできることを楽しみにしております。

2025-03-16 11:41:20 DEBUG: CLIENT -> SERVER: 

2025-03-16 11:41:20 DEBUG: CLIENT -> SERVER: ----

2025-03-16 11:41:20 DEBUG: CLIENT -> SERVER: 新郎新婦: あかね & 村岡 翔

2025-03-16 11:41:20 DEBUG: CLIENT -> SERVER: ウェディングサイト: http://localhost/wedding/

2025-03-16 11:41:20 DEBUG: CLIENT -> SERVER: 

2025-03-16 11:41:20 DEBUG: CLIENT -> SERVER: .

2025-03-16 11:41:21 DEBUG: SERVER -> CLIENT: 250 2.0.0 Ok: queued as 31E451403023D

2025-03-16 11:41:21 DEBUG: CLIENT -> SERVER: QUIT

2025-03-16 11:41:21 DEBUG: SERVER -> CLIENT: 221 2.0.0 Bye

2025-03-21 04:40:41 DEBUG: SERVER -> CLIENT: 220 mail-proxy108.phy.lolipop.jp ESMTP ready

2025-03-21 04:40:41 DEBUG: CLIENT -> SERVER: EHLO localhost

2025-03-21 04:40:41 DEBUG: SERVER -> CLIENT: 250-mail-proxy108.phy.lolipop.jp
250-8BITMIME
250-SIZE 104857600
250 AUTH PLAIN LOGIN CRAM-MD5

2025-03-21 04:40:41 DEBUG: CLIENT -> SERVER: AUTH CRAM-MD5

2025-03-21 04:40:41 DEBUG: SERVER -> CLIENT: 334 PDg5NzY0MzcxMi4xNzQyNTI4NDQxQG1haWwtcHJveHkxMDgucGh5LmxvbGlwb3AuanA+

2025-03-21 04:40:41 DEBUG: CLIENT -> SERVER: [credentials hidden]
2025-03-21 04:40:41 DEBUG: SERVER -> CLIENT: 235 2.0.0 OK

2025-03-21 04:40:41 DEBUG: CLIENT -> SERVER: MAIL FROM:<info-wedding@sopranohaction.fun>

2025-03-21 04:40:41 DEBUG: SERVER -> CLIENT: 250 2.1.0 Ok

2025-03-21 04:40:41 DEBUG: CLIENT -> SERVER: RCPT TO:<syou51158@gmail.com>

2025-03-21 04:40:41 DEBUG: SERVER -> CLIENT: 250 2.1.5 Ok

2025-03-21 04:40:41 DEBUG: CLIENT -> SERVER: DATA

2025-03-21 04:40:41 DEBUG: SERVER -> CLIENT: 354 End data with <CR><LF>.<CR><LF>

2025-03-21 04:40:41 DEBUG: CLIENT -> SERVER: Date: Fri, 21 Mar 2025 04:40:41 +0100

2025-03-21 04:40:41 DEBUG: CLIENT -> SERVER: To: syou51158@gmail.com

2025-03-21 04:40:41 DEBUG: CLIENT -> SERVER: From: =?UTF-8?B?57WQ5ama5byP566h55CG44K344K544OG44Og?= <info-wedding@sopranohaction.fun>

2025-03-21 04:40:41 DEBUG: CLIENT -> SERVER: Reply-To: =?UTF-8?B?57WQ5ama5byP566h55CG44K344K544OG44Og?= <info-wedding@sopranohaction.fun>

2025-03-21 04:40:41 DEBUG: CLIENT -> SERVER: Subject: =?UTF-8?B?44CQ57WQ5ama5byP44CR5Ye65qyg5Zue562U44Gu44GK55+l44KJ44Gb?=

2025-03-21 04:40:41 DEBUG: CLIENT -> SERVER: Message-ID: <DG9wecHE1AwgpvSZj0ZsZ8UXTUz92byD6c4ClykrDM@localhost>

2025-03-21 04:40:41 DEBUG: CLIENT -> SERVER: X-Mailer: PHPMailer 6.9.3 (https://github.com/PHPMailer/PHPMailer)

2025-03-21 04:40:41 DEBUG: CLIENT -> SERVER: MIME-Version: 1.0

2025-03-21 04:40:41 DEBUG: CLIENT -> SERVER: Content-Type: text/plain; charset=UTF-8

2025-03-21 04:40:41 DEBUG: CLIENT -> SERVER: Content-Transfer-Encoding: 8bit

2025-03-21 04:40:41 DEBUG: CLIENT -> SERVER: 

2025-03-21 04:40:41 DEBUG: CLIENT -> SERVER: お世話になっております。

2025-03-21 04:40:41 DEBUG: CLIENT -> SERVER: 

2025-03-21 04:40:41 DEBUG: CLIENT -> SERVER: 結婚式の招待状サイトに新しい出欠回答が届きました。

2025-03-21 04:40:41 DEBUG: CLIENT -> SERVER: 

2025-03-21 04:40:41 DEBUG: CLIENT -> SERVER: ゲスト名: akanetest1

2025-03-21 04:40:41 DEBUG: CLIENT -> SERVER: グループ: あかねちゃん

2025-03-21 04:40:41 DEBUG: CLIENT -> SERVER: 出欠: 出席

2025-03-21 04:40:41 DEBUG: CLIENT -> SERVER: 人数: 9名

2025-03-21 04:40:41 DEBUG: CLIENT -> SERVER: メッセージ: おめでとう

2025-03-21 04:40:41 DEBUG: CLIENT -> SERVER: 

2025-03-21 04:40:41 DEBUG: CLIENT -> SERVER: 管理画面からご確認ください。

2025-03-21 04:40:41 DEBUG: CLIENT -> SERVER: http://localhost/wedding/admin/dashboard.php

2025-03-21 04:40:41 DEBUG: CLIENT -> SERVER: 

2025-03-21 04:40:41 DEBUG: CLIENT -> SERVER: ----

2025-03-21 04:40:41 DEBUG: CLIENT -> SERVER: このメールは自動送信されています。

2025-03-21 04:40:41 DEBUG: CLIENT -> SERVER: 

2025-03-21 04:40:41 DEBUG: CLIENT -> SERVER: .

2025-03-21 04:40:42 DEBUG: SERVER -> CLIENT: 250 2.0.0 Ok: queued as 9ED2E1400EAC0

2025-03-21 04:40:42 DEBUG: CLIENT -> SERVER: QUIT

2025-03-21 04:40:42 DEBUG: SERVER -> CLIENT: 221 2.0.0 Bye

2025-03-21 04:40:42 DEBUG: SERVER -> CLIENT: 220 mail-proxy105.phy.lolipop.jp ESMTP ready

2025-03-21 04:40:42 DEBUG: CLIENT -> SERVER: EHLO localhost

2025-03-21 04:40:42 DEBUG: SERVER -> CLIENT: 250-mail-proxy105.phy.lolipop.jp
250-8BITMIME
250-SIZE 104857600
250 AUTH PLAIN LOGIN CRAM-MD5

2025-03-21 04:40:42 DEBUG: CLIENT -> SERVER: AUTH CRAM-MD5

2025-03-21 04:40:42 DEBUG: SERVER -> CLIENT: 334 PDE3Mjg4Njg5OTEuMTc0MjUyODQ0MkBtYWlsLXByb3h5MTA1LnBoeS5sb2xpcG9wLmpwPg==

2025-03-21 04:40:42 DEBUG: CLIENT -> SERVER: [credentials hidden]
2025-03-21 04:40:42 DEBUG: SERVER -> CLIENT: 235 2.0.0 OK

2025-03-21 04:40:42 DEBUG: CLIENT -> SERVER: MAIL FROM:<info-wedding@sopranohaction.fun>

2025-03-21 04:40:42 DEBUG: SERVER -> CLIENT: 250 2.1.0 Ok

2025-03-21 04:40:42 DEBUG: CLIENT -> SERVER: RCPT TO:<syou51158ym@gmail.com>

2025-03-21 04:40:42 DEBUG: SERVER -> CLIENT: 250 2.1.5 Ok

2025-03-21 04:40:42 DEBUG: CLIENT -> SERVER: DATA

2025-03-21 04:40:42 DEBUG: SERVER -> CLIENT: 354 End data with <CR><LF>.<CR><LF>

2025-03-21 04:40:42 DEBUG: CLIENT -> SERVER: Date: Fri, 21 Mar 2025 04:40:42 +0100

2025-03-21 04:40:42 DEBUG: CLIENT -> SERVER: To: syou51158ym@gmail.com

2025-03-21 04:40:42 DEBUG: CLIENT -> SERVER: From: =?UTF-8?B?57WQ5ama5byP566h55CG44K344K544OG44Og?= <info-wedding@sopranohaction.fun>

2025-03-21 04:40:42 DEBUG: CLIENT -> SERVER: Reply-To: =?UTF-8?B?57WQ5ama5byP566h55CG44K344K544OG44Og?= <info-wedding@sopranohaction.fun>

2025-03-21 04:40:42 DEBUG: CLIENT -> SERVER: Subject: =?UTF-8?B?44CQ57WQ5ama5byP44CR44Ky44K544OI5oOF5aCx5Y+X5LuY5a6M5LqG44Gu?=

2025-03-21 04:40:42 DEBUG: CLIENT -> SERVER:  =?UTF-8?B?44GK55+l44KJ44Gb?=

2025-03-21 04:40:42 DEBUG: CLIENT -> SERVER: Message-ID: <BveXX4YeNm6n66LcUeFn3nWfPROPbS736TkjhpVMb4@localhost>

2025-03-21 04:40:42 DEBUG: CLIENT -> SERVER: X-Mailer: PHPMailer 6.9.3 (https://github.com/PHPMailer/PHPMailer)

2025-03-21 04:40:42 DEBUG: CLIENT -> SERVER: MIME-Version: 1.0

2025-03-21 04:40:42 DEBUG: CLIENT -> SERVER: Content-Type: text/plain; charset=UTF-8

2025-03-21 04:40:42 DEBUG: CLIENT -> SERVER: Content-Transfer-Encoding: 8bit

2025-03-21 04:40:42 DEBUG: CLIENT -> SERVER: 

2025-03-21 04:40:42 DEBUG: CLIENT -> SERVER: akanetest1 様

2025-03-21 04:40:42 DEBUG: CLIENT -> SERVER: 

2025-03-21 04:40:42 DEBUG: CLIENT -> SERVER: この度は、私たちの結婚式にご出席いただけるとのこと、誠にありがとうございます。

2025-03-21 04:40:42 DEBUG: CLIENT -> SERVER: 

2025-03-21 04:40:42 DEBUG: CLIENT -> SERVER: 以下の内容で受付いたしました。

2025-03-21 04:40:42 DEBUG: CLIENT -> SERVER: 

2025-03-21 04:40:42 DEBUG: CLIENT -> SERVER: お名前: akanetest1

2025-03-21 04:40:42 DEBUG: CLIENT -> SERVER: 出欠: 出席

2025-03-21 04:40:42 DEBUG: CLIENT -> SERVER: 参加人数: 9名

2025-03-21 04:40:42 DEBUG: CLIENT -> SERVER: 

2025-03-21 04:40:42 DEBUG: CLIENT -> SERVER: 何かご不明な点がございましたら、お気軽にお問い合わせください。

2025-03-21 04:40:42 DEBUG: CLIENT -> SERVER: 

2025-03-21 04:40:42 DEBUG: CLIENT -> SERVER: 当日お会いできることを楽しみにしております。

2025-03-21 04:40:42 DEBUG: CLIENT -> SERVER: 

2025-03-21 04:40:42 DEBUG: CLIENT -> SERVER: ----

2025-03-21 04:40:42 DEBUG: CLIENT -> SERVER: 新郎新婦: あかね & 村岡 翔

2025-03-21 04:40:42 DEBUG: CLIENT -> SERVER: ウェディングサイト: http://localhost/wedding/

2025-03-21 04:40:42 DEBUG: CLIENT -> SERVER: 

2025-03-21 04:40:42 DEBUG: CLIENT -> SERVER: .

2025-03-21 04:40:43 DEBUG: SERVER -> CLIENT: 250 2.0.0 Ok: queued as 9172A14017909

2025-03-21 04:40:43 DEBUG: CLIENT -> SERVER: QUIT

2025-03-21 04:40:43 DEBUG: SERVER -> CLIENT: 221 2.0.0 Bye

2025-03-21 05:02:30 DEBUG: SERVER -> CLIENT: 220 mail-proxy110.phy.lolipop.jp ESMTP ready

2025-03-21 05:02:30 DEBUG: CLIENT -> SERVER: EHLO localhost

2025-03-21 05:02:30 DEBUG: SERVER -> CLIENT: 250-mail-proxy110.phy.lolipop.jp
250-8BITMIME
250-SIZE 104857600
250 AUTH PLAIN LOGIN CRAM-MD5

2025-03-21 05:02:30 DEBUG: CLIENT -> SERVER: AUTH CRAM-MD5

2025-03-21 05:02:30 DEBUG: SERVER -> CLIENT: 334 PDExOTgzMjUyNjQuMTc0MjUyOTc1MEBtYWlsLXByb3h5MTEwLnBoeS5sb2xpcG9wLmpwPg==

2025-03-21 05:02:30 DEBUG: CLIENT -> SERVER: [credentials hidden]
2025-03-21 05:02:30 DEBUG: SERVER -> CLIENT: 235 2.0.0 OK

2025-03-21 05:02:30 DEBUG: CLIENT -> SERVER: MAIL FROM:<info-wedding@sopranohaction.fun>

2025-03-21 05:02:30 DEBUG: SERVER -> CLIENT: 250 2.1.0 Ok

2025-03-21 05:02:30 DEBUG: CLIENT -> SERVER: RCPT TO:<syou51158@gmail.com>

2025-03-21 05:02:30 DEBUG: SERVER -> CLIENT: 250 2.1.5 Ok

2025-03-21 05:02:30 DEBUG: CLIENT -> SERVER: DATA

2025-03-21 05:02:30 DEBUG: SERVER -> CLIENT: 354 End data with <CR><LF>.<CR><LF>

2025-03-21 05:02:30 DEBUG: CLIENT -> SERVER: Date: Fri, 21 Mar 2025 05:02:30 +0100

2025-03-21 05:02:30 DEBUG: CLIENT -> SERVER: To: syou51158@gmail.com

2025-03-21 05:02:30 DEBUG: CLIENT -> SERVER: From: =?UTF-8?B?57WQ5ama5byP566h55CG44K344K544OG44Og?= <info-wedding@sopranohaction.fun>

2025-03-21 05:02:30 DEBUG: CLIENT -> SERVER: Reply-To: =?UTF-8?B?57WQ5ama5byP566h55CG44K344K544OG44Og?= <info-wedding@sopranohaction.fun>

2025-03-21 05:02:30 DEBUG: CLIENT -> SERVER: Subject: =?UTF-8?B?44CQ57WQ5ama5byP44CR5Ye65qyg5Zue562U44Gu44GK55+l44KJ44Gb?=

2025-03-21 05:02:30 DEBUG: CLIENT -> SERVER: Message-ID: <IOaljJpgTp1au8HxpZ7ANO4HD5Fu4Kms3PdkVTIA@localhost>

2025-03-21 05:02:30 DEBUG: CLIENT -> SERVER: X-Mailer: PHPMailer 6.9.3 (https://github.com/PHPMailer/PHPMailer)

2025-03-21 05:02:30 DEBUG: CLIENT -> SERVER: MIME-Version: 1.0

2025-03-21 05:02:30 DEBUG: CLIENT -> SERVER: Content-Type: text/plain; charset=UTF-8

2025-03-21 05:02:30 DEBUG: CLIENT -> SERVER: Content-Transfer-Encoding: 8bit

2025-03-21 05:02:30 DEBUG: CLIENT -> SERVER: 

2025-03-21 05:02:30 DEBUG: CLIENT -> SERVER: お世話になっております。

2025-03-21 05:02:30 DEBUG: CLIENT -> SERVER: 

2025-03-21 05:02:30 DEBUG: CLIENT -> SERVER: 結婚式の招待状サイトに新しい出欠回答が届きました。

2025-03-21 05:02:30 DEBUG: CLIENT -> SERVER: 

2025-03-21 05:02:30 DEBUG: CLIENT -> SERVER: ゲスト名: あかね２

2025-03-21 05:02:30 DEBUG: CLIENT -> SERVER: グループ: あかねちゃん

2025-03-21 05:02:30 DEBUG: CLIENT -> SERVER: 出欠: 出席

2025-03-21 05:02:30 DEBUG: CLIENT -> SERVER: 人数: 4名

2025-03-21 05:02:30 DEBUG: CLIENT -> SERVER: メッセージ: おめでとう

2025-03-21 05:02:30 DEBUG: CLIENT -> SERVER: 

2025-03-21 05:02:30 DEBUG: CLIENT -> SERVER: 管理画面からご確認ください。

2025-03-21 05:02:30 DEBUG: CLIENT -> SERVER: http://localhost/wedding/admin/dashboard.php

2025-03-21 05:02:30 DEBUG: CLIENT -> SERVER: 

2025-03-21 05:02:30 DEBUG: CLIENT -> SERVER: ----

2025-03-21 05:02:30 DEBUG: CLIENT -> SERVER: このメールは自動送信されています。

2025-03-21 05:02:30 DEBUG: CLIENT -> SERVER: 

2025-03-21 05:02:30 DEBUG: CLIENT -> SERVER: .

2025-03-21 05:02:31 DEBUG: SERVER -> CLIENT: 250 2.0.0 Ok: queued as A9BE81404BC19

2025-03-21 05:02:31 DEBUG: CLIENT -> SERVER: QUIT

2025-03-21 05:02:31 DEBUG: SERVER -> CLIENT: 221 2.0.0 Bye

2025-03-21 05:02:31 DEBUG: SERVER -> CLIENT: 220 mail-proxy101.phy.lolipop.jp ESMTP ready

2025-03-21 05:02:31 DEBUG: CLIENT -> SERVER: EHLO localhost

2025-03-21 05:02:31 DEBUG: SERVER -> CLIENT: 250-mail-proxy101.phy.lolipop.jp
250-8BITMIME
250-SIZE 104857600
250 AUTH PLAIN LOGIN CRAM-MD5

2025-03-21 05:02:31 DEBUG: CLIENT -> SERVER: AUTH CRAM-MD5

2025-03-21 05:02:31 DEBUG: SERVER -> CLIENT: 334 PDQ0OTUyNjA0NS4xNzQyNTI5NzUxQG1haWwtcHJveHkxMDEucGh5LmxvbGlwb3AuanA+

2025-03-21 05:02:31 DEBUG: CLIENT -> SERVER: [credentials hidden]
2025-03-21 05:02:31 DEBUG: SERVER -> CLIENT: 235 2.0.0 OK

2025-03-21 05:02:31 DEBUG: CLIENT -> SERVER: MAIL FROM:<info-wedding@sopranohaction.fun>

2025-03-21 05:02:31 DEBUG: SERVER -> CLIENT: 250 2.1.0 Ok

2025-03-21 05:02:31 DEBUG: CLIENT -> SERVER: RCPT TO:<syou51158@gmail.com>

2025-03-21 05:02:31 DEBUG: SERVER -> CLIENT: 250 2.1.5 Ok

2025-03-21 05:02:31 DEBUG: CLIENT -> SERVER: DATA

2025-03-21 05:02:31 DEBUG: SERVER -> CLIENT: 354 End data with <CR><LF>.<CR><LF>

2025-03-21 05:02:31 DEBUG: CLIENT -> SERVER: Date: Fri, 21 Mar 2025 05:02:31 +0100

2025-03-21 05:02:31 DEBUG: CLIENT -> SERVER: To: syou51158@gmail.com

2025-03-21 05:02:31 DEBUG: CLIENT -> SERVER: From: =?UTF-8?B?57WQ5ama5byP566h55CG44K344K544OG44Og?= <info-wedding@sopranohaction.fun>

2025-03-21 05:02:31 DEBUG: CLIENT -> SERVER: Reply-To: =?UTF-8?B?57WQ5ama5byP566h55CG44K344K544OG44Og?= <info-wedding@sopranohaction.fun>

2025-03-21 05:02:31 DEBUG: CLIENT -> SERVER: Subject: =?UTF-8?B?44CQ57WQ5ama5byP44CR44Ky44K544OI5oOF5aCx5Y+X5LuY5a6M5LqG44Gu?=

2025-03-21 05:02:31 DEBUG: CLIENT -> SERVER:  =?UTF-8?B?44GK55+l44KJ44Gb?=

2025-03-21 05:02:31 DEBUG: CLIENT -> SERVER: Message-ID: <bVXQKurllAdWUdo0ksJ6Rki89UgBV2wnGxBIsEAGa0@localhost>

2025-03-21 05:02:31 DEBUG: CLIENT -> SERVER: X-Mailer: PHPMailer 6.9.3 (https://github.com/PHPMailer/PHPMailer)

2025-03-21 05:02:31 DEBUG: CLIENT -> SERVER: MIME-Version: 1.0

2025-03-21 05:02:31 DEBUG: CLIENT -> SERVER: Content-Type: text/plain; charset=UTF-8

2025-03-21 05:02:31 DEBUG: CLIENT -> SERVER: Content-Transfer-Encoding: 8bit

2025-03-21 05:02:31 DEBUG: CLIENT -> SERVER: 

2025-03-21 05:02:31 DEBUG: CLIENT -> SERVER: あかね２ 様

2025-03-21 05:02:31 DEBUG: CLIENT -> SERVER: 

2025-03-21 05:02:31 DEBUG: CLIENT -> SERVER: この度は、私たちの結婚式にご出席いただけるとのこと、誠にありがとうございます。

2025-03-21 05:02:31 DEBUG: CLIENT -> SERVER: 

2025-03-21 05:02:31 DEBUG: CLIENT -> SERVER: 以下の内容で受付いたしました。

2025-03-21 05:02:31 DEBUG: CLIENT -> SERVER: 

2025-03-21 05:02:31 DEBUG: CLIENT -> SERVER: お名前: あかね２

2025-03-21 05:02:31 DEBUG: CLIENT -> SERVER: 出欠: 出席

2025-03-21 05:02:31 DEBUG: CLIENT -> SERVER: 参加人数: 4名

2025-03-21 05:02:31 DEBUG: CLIENT -> SERVER: 

2025-03-21 05:02:31 DEBUG: CLIENT -> SERVER: 何かご不明な点がございましたら、お気軽にお問い合わせください。

2025-03-21 05:02:31 DEBUG: CLIENT -> SERVER: 

2025-03-21 05:02:31 DEBUG: CLIENT -> SERVER: 当日お会いできることを楽しみにしております。

2025-03-21 05:02:31 DEBUG: CLIENT -> SERVER: 

2025-03-21 05:02:31 DEBUG: CLIENT -> SERVER: ----

2025-03-21 05:02:31 DEBUG: CLIENT -> SERVER: 新郎新婦: あかね & 村岡 翔

2025-03-21 05:02:31 DEBUG: CLIENT -> SERVER: ウェディングサイト: http://localhost/wedding/

2025-03-21 05:02:31 DEBUG: CLIENT -> SERVER: 

2025-03-21 05:02:31 DEBUG: CLIENT -> SERVER: .

2025-03-21 05:02:32 DEBUG: SERVER -> CLIENT: 250 2.0.0 Ok: queued as 9596C1407B422

2025-03-21 05:02:32 DEBUG: CLIENT -> SERVER: QUIT

2025-03-21 05:02:32 DEBUG: SERVER -> CLIENT: 221 2.0.0 Bye

2025-03-25 01:29:01 DEBUG: SERVER -> CLIENT: 220 mail-proxy104.phy.lolipop.jp ESMTP ready

2025-03-25 01:29:01 DEBUG: CLIENT -> SERVER: EHLO localhost

2025-03-25 01:29:01 DEBUG: SERVER -> CLIENT: 250-mail-proxy104.phy.lolipop.jp
250-8BITMIME
250-SIZE 104857600
250 AUTH PLAIN LOGIN CRAM-MD5

2025-03-25 01:29:01 DEBUG: CLIENT -> SERVER: AUTH CRAM-MD5

2025-03-25 01:29:01 DEBUG: SERVER -> CLIENT: 334 PDIzNDE3NzkzNC4xNzQyODYyNTQxQG1haWwtcHJveHkxMDQucGh5LmxvbGlwb3AuanA+

2025-03-25 01:29:01 DEBUG: CLIENT -> SERVER: [credentials hidden]
2025-03-25 01:29:01 DEBUG: SERVER -> CLIENT: 235 2.0.0 OK

2025-03-25 01:29:01 DEBUG: CLIENT -> SERVER: MAIL FROM:<info-wedding@sopranohaction.fun>

2025-03-25 01:29:01 DEBUG: SERVER -> CLIENT: 250 2.1.0 Ok

2025-03-25 01:29:01 DEBUG: CLIENT -> SERVER: RCPT TO:<info-wedding@sopranohaction.fun>

2025-03-25 01:29:01 DEBUG: SERVER -> CLIENT: 250 2.1.5 Ok

2025-03-25 01:29:01 DEBUG: CLIENT -> SERVER: DATA

2025-03-25 01:29:01 DEBUG: SERVER -> CLIENT: 354 End data with <CR><LF>.<CR><LF>

2025-03-25 01:29:01 DEBUG: CLIENT -> SERVER: Date: Tue, 25 Mar 2025 01:29:00 +0100

2025-03-25 01:29:01 DEBUG: CLIENT -> SERVER: To: info-wedding@sopranohaction.fun

2025-03-25 01:29:01 DEBUG: CLIENT -> SERVER: From: =?UTF-8?B?57WQ5ama5byP566h55CG44K344K544OG44Og?= <info-wedding@sopranohaction.fun>

2025-03-25 01:29:01 DEBUG: CLIENT -> SERVER: Reply-To: =?UTF-8?B?57WQ5ama5byP566h55CG44K344K544OG44Og?= <info-wedding@sopranohaction.fun>

2025-03-25 01:29:01 DEBUG: CLIENT -> SERVER: Subject: =?UTF-8?B?44CQ57WQ5ama5byP44CR5Ye65qyg5Zue562U44Gu44GK55+l44KJ44Gb?=

2025-03-25 01:29:01 DEBUG: CLIENT -> SERVER: Message-ID: <aezSRwU6TJsSrurJ2kh3tB46W1O1l96mK4BsUTElw@localhost>

2025-03-25 01:29:01 DEBUG: CLIENT -> SERVER: X-Mailer: PHPMailer 6.9.3 (https://github.com/PHPMailer/PHPMailer)

2025-03-25 01:29:01 DEBUG: CLIENT -> SERVER: MIME-Version: 1.0

2025-03-25 01:29:01 DEBUG: CLIENT -> SERVER: Content-Type: text/plain; charset=UTF-8

2025-03-25 01:29:01 DEBUG: CLIENT -> SERVER: Content-Transfer-Encoding: 8bit

2025-03-25 01:29:01 DEBUG: CLIENT -> SERVER: 

2025-03-25 01:29:01 DEBUG: CLIENT -> SERVER: お世話になっております。

2025-03-25 01:29:01 DEBUG: CLIENT -> SERVER: 

2025-03-25 01:29:01 DEBUG: CLIENT -> SERVER: 結婚式の招待状サイトに新しい出欠回答が届きました。

2025-03-25 01:29:01 DEBUG: CLIENT -> SERVER: 

2025-03-25 01:29:01 DEBUG: CLIENT -> SERVER: ゲスト名: たしま

2025-03-25 01:29:01 DEBUG: CLIENT -> SERVER: グループ: 田嶋（杉乃井ホテルブライダル担当者）様

2025-03-25 01:29:01 DEBUG: CLIENT -> SERVER: 出欠: 出席

2025-03-25 01:29:01 DEBUG: CLIENT -> SERVER: 人数: 3名

2025-03-25 01:29:01 DEBUG: CLIENT -> SERVER: メッセージ: a

2025-03-25 01:29:01 DEBUG: CLIENT -> SERVER: 

2025-03-25 01:29:01 DEBUG: CLIENT -> SERVER: 管理画面からご確認ください。

2025-03-25 01:29:01 DEBUG: CLIENT -> SERVER: http://localhost/wedding/admin/dashboard.php

2025-03-25 01:29:01 DEBUG: CLIENT -> SERVER: 

2025-03-25 01:29:01 DEBUG: CLIENT -> SERVER: ----

2025-03-25 01:29:01 DEBUG: CLIENT -> SERVER: このメールは自動送信されています。

2025-03-25 01:29:01 DEBUG: CLIENT -> SERVER: 

2025-03-25 01:29:01 DEBUG: CLIENT -> SERVER: .

2025-03-25 01:29:01 DEBUG: SERVER -> CLIENT: 250 2.0.0 Ok: queued as 465141402EE39

2025-03-25 01:29:01 DEBUG: CLIENT -> SERVER: QUIT

2025-03-25 01:29:01 DEBUG: SERVER -> CLIENT: 221 2.0.0 Bye

2025-03-25 01:29:01 DEBUG: SERVER -> CLIENT: 220 mail-proxy108.phy.lolipop.jp ESMTP ready

2025-03-25 01:29:01 DEBUG: CLIENT -> SERVER: EHLO localhost

2025-03-25 01:29:02 DEBUG: SERVER -> CLIENT: 250-mail-proxy108.phy.lolipop.jp
250-8BITMIME
250-SIZE 104857600
250 AUTH PLAIN LOGIN CRAM-MD5

2025-03-25 01:29:02 DEBUG: CLIENT -> SERVER: AUTH CRAM-MD5

2025-03-25 01:29:02 DEBUG: SERVER -> CLIENT: 334 PDc0OTI2MzkzNy4xNzQyODYyNTQyQG1haWwtcHJveHkxMDgucGh5LmxvbGlwb3AuanA+

2025-03-25 01:29:02 DEBUG: CLIENT -> SERVER: [credentials hidden]
2025-03-25 01:29:02 DEBUG: SERVER -> CLIENT: 235 2.0.0 OK

2025-03-25 01:29:02 DEBUG: CLIENT -> SERVER: MAIL FROM:<info-wedding@sopranohaction.fun>

2025-03-25 01:29:02 DEBUG: SERVER -> CLIENT: 250 2.1.0 Ok

2025-03-25 01:29:02 DEBUG: CLIENT -> SERVER: RCPT TO:<example@example.com>

2025-03-25 01:29:02 DEBUG: SERVER -> CLIENT: 250 2.1.5 Ok

2025-03-25 01:29:02 DEBUG: CLIENT -> SERVER: DATA

2025-03-25 01:29:02 DEBUG: SERVER -> CLIENT: 354 End data with <CR><LF>.<CR><LF>

2025-03-25 01:29:02 DEBUG: CLIENT -> SERVER: Date: Tue, 25 Mar 2025 01:29:01 +0100

2025-03-25 01:29:02 DEBUG: CLIENT -> SERVER: To: example@example.com

2025-03-25 01:29:02 DEBUG: CLIENT -> SERVER: From: =?UTF-8?B?57WQ5ama5byP566h55CG44K344K544OG44Og?= <info-wedding@sopranohaction.fun>

2025-03-25 01:29:02 DEBUG: CLIENT -> SERVER: Reply-To: =?UTF-8?B?57WQ5ama5byP566h55CG44K344K544OG44Og?= <info-wedding@sopranohaction.fun>

2025-03-25 01:29:02 DEBUG: CLIENT -> SERVER: Subject: =?UTF-8?B?44CQ57WQ5ama5byP44CR44Ky44K544OI5oOF5aCx5Y+X5LuY5a6M5LqG44Gu?=

2025-03-25 01:29:02 DEBUG: CLIENT -> SERVER:  =?UTF-8?B?44GK55+l44KJ44Gb?=

2025-03-25 01:29:02 DEBUG: CLIENT -> SERVER: Message-ID: <FglTjZ8hvdxi1UTjC7sk5Du7SPOK5mrY4alWc8mi0@localhost>

2025-03-25 01:29:02 DEBUG: CLIENT -> SERVER: X-Mailer: PHPMailer 6.9.3 (https://github.com/PHPMailer/PHPMailer)

2025-03-25 01:29:02 DEBUG: CLIENT -> SERVER: MIME-Version: 1.0

2025-03-25 01:29:02 DEBUG: CLIENT -> SERVER: Content-Type: text/plain; charset=UTF-8

2025-03-25 01:29:02 DEBUG: CLIENT -> SERVER: Content-Transfer-Encoding: 8bit

2025-03-25 01:29:02 DEBUG: CLIENT -> SERVER: 

2025-03-25 01:29:02 DEBUG: CLIENT -> SERVER: たしま 様

2025-03-25 01:29:02 DEBUG: CLIENT -> SERVER: 

2025-03-25 01:29:02 DEBUG: CLIENT -> SERVER: この度は、私たちの結婚式にご出席いただけるとのこと、誠にありがとうございます。

2025-03-25 01:29:02 DEBUG: CLIENT -> SERVER: 

2025-03-25 01:29:02 DEBUG: CLIENT -> SERVER: 以下の内容で受付いたしました。

2025-03-25 01:29:02 DEBUG: CLIENT -> SERVER: 

2025-03-25 01:29:02 DEBUG: CLIENT -> SERVER: お名前: たしま

2025-03-25 01:29:02 DEBUG: CLIENT -> SERVER: 出欠: 出席

2025-03-25 01:29:02 DEBUG: CLIENT -> SERVER: 参加人数: 3名

2025-03-25 01:29:02 DEBUG: CLIENT -> SERVER: 

2025-03-25 01:29:02 DEBUG: CLIENT -> SERVER: 何かご不明な点がございましたら、お気軽にお問い合わせください。

2025-03-25 01:29:02 DEBUG: CLIENT -> SERVER: 

2025-03-25 01:29:02 DEBUG: CLIENT -> SERVER: 当日お会いできることを楽しみにしております。

2025-03-25 01:29:02 DEBUG: CLIENT -> SERVER: 

2025-03-25 01:29:02 DEBUG: CLIENT -> SERVER: ----

2025-03-25 01:29:02 DEBUG: CLIENT -> SERVER: 新郎新婦: あかね & 村岡 翔

2025-03-25 01:29:02 DEBUG: CLIENT -> SERVER: ウェディングサイト: http://localhost/wedding/

2025-03-25 01:29:02 DEBUG: CLIENT -> SERVER: 

2025-03-25 01:29:02 DEBUG: CLIENT -> SERVER: .

2025-03-25 01:29:02 DEBUG: SERVER -> CLIENT: 250 2.0.0 Ok: queued as 33B001400EA53

2025-03-25 01:29:02 DEBUG: CLIENT -> SERVER: QUIT

2025-03-25 01:29:02 DEBUG: SERVER -> CLIENT: 221 2.0.0 Bye

